<?xml version="1.0" encoding="UTF-8"?>
<!-- Generated by org.testng.reporters.JUnitXMLReporter -->
<testsuite ignored="0" hostname="DESKTOP-N2PRSIL" failures="0" tests="9" name="Default test" time="4.883" errors="0" timestamp="2025-04-12T14:35:44 IST">
  <testcase classname="SeleniumAllConcepts.BasicHTMLForm" name="VerifyTheURL" time="0.02"/>
  <testcase classname="SeleniumAllConcepts.BasicHTMLForm" name="VerifyTheTitle" time="0.011"/>
  <testcase classname="SeleniumAllConcepts.BasicHTMLForm" name="VerifyTitleisDisplay" time="0.065"/>
  <testcase classname="SeleniumAllConcepts.BasicHTMLForm" name="VerifyTheLink" time="0.159"/>
  <testcase classname="SeleniumAllConcepts.BasicHTMLForm" name="VerifyTheUserNameField" time="0.114"/>
  <testcase classname="SeleniumAllConcepts.BasicHTMLForm" name="VerifyThePasswordTextField" time="0.094"/>
  <testcase classname="SeleniumAllConcepts.BasicHTMLForm" name="VerifyTheTextField" time="0.14"/>
  <testcase classname="SeleniumAllConcepts.BasicHTMLForm" name="VerifyTheCheckboxs" time="0.198"/>
  <testcase classname="SeleniumAllConcepts.BasicHTMLForm" name="VerifyTheSubmitButton" time="0.092"/>
</testsuite> <!-- Default test -->
