<?xml version="1.0" encoding="UTF-8"?>
<!-- Generated by org.testng.reporters.JUnitXMLReporter -->
<testsuite ignored="0" hostname="DESKTOP-N2PRSIL" failures="0" tests="12" name="Default test" time="11.101" errors="0" timestamp="2025-04-07T11:48:06 IST">
  <testcase classname="SeleniumAllConcepts.ForAutomationTestingInterview" name="ValidateInputFields" time="0.156"/>
  <testcase classname="SeleniumAllConcepts.ForAutomationTestingInterview" name="ButtonFunctionality" time="0.137"/>
  <testcase classname="SeleniumAllConcepts.ForAutomationTestingInterview" name="GetTheTitle" time="0.013"/>
  <testcase classname="SeleniumAllConcepts.ForAutomationTestingInterview" name="GetURL" time="0.014"/>
  <testcase classname="SeleniumAllConcepts.ForAutomationTestingInterview" name="GetTextAndGetAttribute" time="0.08"/>
  <testcase classname="SeleniumAllConcepts.ForAutomationTestingInterview" name="MouseHoverAction" time="0.771"/>
  <testcase classname="SeleniumAllConcepts.ForAutomationTestingInterview" name="SingleAndMultipleCheckBox" time="0.229"/>
  <testcase classname="SeleniumAllConcepts.ForAutomationTestingInterview" name="DropDown" time="0.14"/>
  <testcase classname="SeleniumAllConcepts.ForAutomationTestingInterview" name="NavigateMethod" time="1.278"/>
  <testcase classname="SeleniumAllConcepts.ForAutomationTestingInterview" name="Alert" time="0.1"/>
  <testcase classname="SeleniumAllConcepts.ForAutomationTestingInterview" name="NumberofLink" time="0.324"/>
  <testcase classname="SeleniumAllConcepts.ForAutomationTestingInterview" name="LinkText" time="2.063"/>
</testsuite> <!-- Default test -->
