<?xml version="1.0" encoding="UTF-8"?>
<!-- Generated by org.testng.reporters.JUnitXMLReporter -->
<testsuite ignored="0" hostname="DESKTOP-N2PRSIL" failures="0" tests="4" name="Chrome Test" time="31.584" errors="0" timestamp="2025-03-26T15:41:42 IST">
  <testcase classname="SeleniumAllConcepts.TC_002Ealmanac" name="loginTest" time="2.033"/>
  <testcase classname="SeleniumAllConcepts.TC_003AddCategory" name="loginTest" time="2.052"/>
  <testcase classname="SeleniumAllConcepts.TC_003AddCategory" name="addCategory" time="16.52"/>
  <testcase classname="SeleniumAllConcepts.TC_002Ealmanac" name="addDepartmentTest" time="5.906"/>
</testsuite> <!-- Chrome Test -->
