<?xml version="1.0" encoding="UTF-8"?>
<!-- Generated by org.testng.reporters.JUnitXMLReporter -->
<testsuite ignored="0" hostname="DESKTOP-N2PRSIL" failures="0" tests="4" name="Edge Test" time="31.81" errors="0" timestamp="2025-03-26T15:41:42 IST">
  <testcase classname="SeleniumAllConcepts.TC_002Ealmanac" name="loginTest" time="1.994"/>
  <testcase classname="SeleniumAllConcepts.TC_003AddCategory" name="loginTest" time="2.02"/>
  <testcase classname="SeleniumAllConcepts.TC_003AddCategory" name="addCategory" time="11.391"/>
  <testcase classname="SeleniumAllConcepts.TC_002Ealmanac" name="addDepartmentTest" time="5.704"/>
</testsuite> <!-- Edge Test -->
