<?xml version="1.0" encoding="UTF-8"?>
<!-- Generated by org.testng.reporters.JUnitXMLReporter -->
<testsuite ignored="0" hostname="DESKTOP-N2PRSIL" failures="1" tests="4" name="Firefox Test" time="38.739" errors="0" timestamp="2025-03-26T15:41:49 IST">
  <testcase classname="SeleniumAllConcepts.TC_002Ealmanac" name="loginTest" time="4.231"/>
  <testcase classname="SeleniumAllConcepts.TC_003AddCategory" name="loginTest" time="2.624"/>
  <testcase classname="SeleniumAllConcepts.TC_003AddCategory" name="addCategory" time="11.25"/>
  <testcase classname="SeleniumAllConcepts.TC_002Ealmanac" name="addDepartmentTest" time="5.005">
    <failure type="org.openqa.selenium.ElementClickInterceptedException" message="Element &amp;lt;select id=&amp;quot;user_type&amp;quot; class=&amp;quot;form-control&amp;quot; name=&amp;quot;user_type&amp;quot;&amp;gt; is not clickable at point (757,404) because another element &amp;lt;div class=&amp;quot;preloader&amp;quot;&amp;gt; obscures it
Build info: version: &amp;apos;4.29.0&amp;apos;, revision: &amp;apos;5fc1ec94cb&amp;apos;
System info: os.name: &amp;apos;Windows 10&amp;apos;, os.arch: &amp;apos;amd64&amp;apos;, os.version: &amp;apos;10.0&amp;apos;, java.version: &amp;apos;23.0.2&amp;apos;
Driver info: org.openqa.selenium.firefox.FirefoxDriver
Command: [1690022f-f2ab-4d3f-8b0b-dbe8508f189f, clickElement {id=30dc450c-5863-46d3-861a-38334b0f0295}]
Capabilities {acceptInsecureCerts: true, browserName: firefox, browserVersion: 136.0.3, moz:accessibilityChecks: false, moz:buildID: 20250324135651, moz:geckodriverVersion: 0.36.0, moz:headless: false, moz:platformVersion: 10.0, moz:processID: 22092, moz:profile: C:\Users\Stuti\AppData\Loca..., moz:shutdownTimeout: 60000, moz:webdriverClick: true, moz:windowless: false, pageLoadStrategy: normal, platformName: windows, proxy: Proxy(), setWindowRect: true, strictFileInteractability: false, timeouts: {implicit: 0, pageLoad: 300000, script: 30000}, unhandledPromptBehavior: dismiss and notify, userAgent: Mozilla/5.0 (Windows NT 10....}
Element: [[[[FirefoxDriver: firefox on windows (1690022f-f2ab-4d3f-8b0b-dbe8508f189f)] -&amp;gt; id: user_type]] -&amp;gt; xpath: .//option[normalize-space(.) = &amp;quot;Parent&amp;quot;]]
Session ID: 1690022f-f2ab-4d3f-8b0b-dbe8508f189f">
      <![CDATA[org.openqa.selenium.ElementClickInterceptedException: Element <select id="user_type" class="form-control" name="user_type"> is not clickable at point (757,404) because another element <div class="preloader"> obscures it
Build info: version: '4.29.0', revision: '5fc1ec94cb'
System info: os.name: 'Windows 10', os.arch: 'amd64', os.version: '10.0', java.version: '23.0.2'
Driver info: org.openqa.selenium.firefox.FirefoxDriver
Command: [1690022f-f2ab-4d3f-8b0b-dbe8508f189f, clickElement {id=30dc450c-5863-46d3-861a-38334b0f0295}]
Capabilities {acceptInsecureCerts: true, browserName: firefox, browserVersion: 136.0.3, moz:accessibilityChecks: false, moz:buildID: 20250324135651, moz:geckodriverVersion: 0.36.0, moz:headless: false, moz:platformVersion: 10.0, moz:processID: 22092, moz:profile: C:\Users\Stuti\AppData\Loca..., moz:shutdownTimeout: 60000, moz:webdriverClick: true, moz:windowless: false, pageLoadStrategy: normal, platformName: windows, proxy: Proxy(), setWindowRect: true, strictFileInteractability: false, timeouts: {implicit: 0, pageLoad: 300000, script: 30000}, unhandledPromptBehavior: dismiss and notify, userAgent: Mozilla/5.0 (Windows NT 10....}
Element: [[[[FirefoxDriver: firefox on windows (1690022f-f2ab-4d3f-8b0b-dbe8508f189f)] -> id: user_type]] -> xpath: .//option[normalize-space(.) = "Parent"]]
Session ID: 1690022f-f2ab-4d3f-8b0b-dbe8508f189f
at org.openqa.selenium.remote.ErrorCodec.decode(ErrorCodec.java:167)
at org.openqa.selenium.remote.codec.w3c.W3CHttpResponseCodec.decode(W3CHttpResponseCodec.java:138)
at org.openqa.selenium.remote.codec.w3c.W3CHttpResponseCodec.decode(W3CHttpResponseCodec.java:50)
at org.openqa.selenium.remote.HttpCommandExecutor.execute(HttpCommandExecutor.java:215)
at org.openqa.selenium.remote.service.DriverCommandExecutor.invokeExecute(DriverCommandExecutor.java:216)
at org.openqa.selenium.remote.service.DriverCommandExecutor.execute(DriverCommandExecutor.java:174)
at org.openqa.selenium.remote.RemoteWebDriver.execute(RemoteWebDriver.java:545)
at org.openqa.selenium.remote.RemoteWebElement.execute(RemoteWebElement.java:223)
at org.openqa.selenium.remote.RemoteWebElement.click(RemoteWebElement.java:76)
at org.openqa.selenium.support.ui.Select.setSelected(Select.java:419)
at org.openqa.selenium.support.ui.Select.selectByVisibleText(Select.java:133)
at SeleniumAllConcepts.TC_002Ealmanac.addDepartmentTest(TC_002Ealmanac.java:69)
at java.base/java.util.ArrayList.forEach(ArrayList.java:1597)
at java.base/java.util.concurrent.FutureTask.run(FutureTask.java:317)
at java.base/java.util.concurrent.ThreadPoolExecutor.runWorker(ThreadPoolExecutor.java:1144)
at java.base/java.util.concurrent.ThreadPoolExecutor$Worker.run(ThreadPoolExecutor.java:642)
at java.base/java.lang.Thread.run(Thread.java:1575)
... Removed 18 stack frames]]>
    </failure>
  </testcase> <!-- addDepartmentTest -->
</testsuite> <!-- Firefox Test -->
