<?xml version="1.0" encoding="UTF-8"?>
<!-- Generated by org.testng.reporters.JUnitXMLReporter -->
<testsuite ignored="0" hostname="DESKTOP-N2PRSIL" failures="1" tests="7" name="Test" time="15.323" errors="0" timestamp="2025-04-09T14:26:07 IST">
  <testcase classname="SeleniumAllConcepts.AddMedia" name="NavigatetoAddLibraryPage" time="10.913"/>
  <testcase classname="SeleniumAllConcepts.AddMedia" name="TitleofThePage" time="0.009"/>
  <testcase classname="SeleniumAllConcepts.AddMedia" name="titleOfSubmodule" time="0.033"/>
  <testcase classname="SeleniumAllConcepts.AddMedia" name="SelectTheLibrary" time="0.104"/>
  <testcase classname="SeleniumAllConcepts.AddMedia" name="Registration" time="0.163">
    <failure type="org.openqa.selenium.StaleElementReferenceException" message="stale element reference: stale element not found in the current frame
  (Session info: chrome=135.0.7049.42)
For documentation on this error, please visit: https://www.selenium.dev/documentation/webdriver/troubleshooting/errors#stale-element-reference-exception
Build info: version: &amp;apos;4.29.0&amp;apos;, revision: &amp;apos;5fc1ec94cb&amp;apos;
System info: os.name: &amp;apos;Windows 10&amp;apos;, os.arch: &amp;apos;amd64&amp;apos;, os.version: &amp;apos;10.0&amp;apos;, java.version: &amp;apos;23.0.2&amp;apos;
Driver info: org.openqa.selenium.chrome.ChromeDriver
Command: [9aaa8574fedee60863fb22a8c27ef192, findChildElements {using=xpath, id=f.C0049F9BFE2D3C789E3E46CF43BCB247.d.9996F7B06B1FEA88B29A29E6D4A83F6D.e.71, value=.//option[normalize-space(.) = &amp;quot;library 1&amp;quot;]}]
Capabilities {acceptInsecureCerts: false, browserName: chrome, browserVersion: 135.0.7049.42, chrome: {chromedriverVersion: 135.0.7049.84 (6c019e560019..., userDataDir: C:\Users\Stuti\AppData\Loca...}, fedcm:accounts: true, goog:chromeOptions: {debuggerAddress: localhost:62243}, networkConnectionEnabled: false, pageLoadStrategy: normal, platformName: windows, proxy: Proxy(), se:cdp: ws://localhost:62243/devtoo..., se:cdpVersion: 135.0.7049.42, setWindowRect: true, strictFileInteractability: false, timeouts: {implicit: 0, pageLoad: 300000, script: 30000}, unhandledPromptBehavior: dismiss and notify, webauthn:extension:credBlob: true, webauthn:extension:largeBlob: true, webauthn:extension:minPinLength: true, webauthn:extension:prf: true, webauthn:virtualAuthenticators: true}
Session ID: 9aaa8574fedee60863fb22a8c27ef192">
      <![CDATA[org.openqa.selenium.StaleElementReferenceException: stale element reference: stale element not found in the current frame
  (Session info: chrome=135.0.7049.42)
For documentation on this error, please visit: https://www.selenium.dev/documentation/webdriver/troubleshooting/errors#stale-element-reference-exception
Build info: version: '4.29.0', revision: '5fc1ec94cb'
System info: os.name: 'Windows 10', os.arch: 'amd64', os.version: '10.0', java.version: '23.0.2'
Driver info: org.openqa.selenium.chrome.ChromeDriver
Command: [9aaa8574fedee60863fb22a8c27ef192, findChildElements {using=xpath, id=f.C0049F9BFE2D3C789E3E46CF43BCB247.d.9996F7B06B1FEA88B29A29E6D4A83F6D.e.71, value=.//option[normalize-space(.) = "library 1"]}]
Capabilities {acceptInsecureCerts: false, browserName: chrome, browserVersion: 135.0.7049.42, chrome: {chromedriverVersion: 135.0.7049.84 (6c019e560019..., userDataDir: C:\Users\Stuti\AppData\Loca...}, fedcm:accounts: true, goog:chromeOptions: {debuggerAddress: localhost:62243}, networkConnectionEnabled: false, pageLoadStrategy: normal, platformName: windows, proxy: Proxy(), se:cdp: ws://localhost:62243/devtoo..., se:cdpVersion: 135.0.7049.42, setWindowRect: true, strictFileInteractability: false, timeouts: {implicit: 0, pageLoad: 300000, script: 30000}, unhandledPromptBehavior: dismiss and notify, webauthn:extension:credBlob: true, webauthn:extension:largeBlob: true, webauthn:extension:minPinLength: true, webauthn:extension:prf: true, webauthn:virtualAuthenticators: true}
Session ID: 9aaa8574fedee60863fb22a8c27ef192
at org.openqa.selenium.remote.ErrorCodec.decode(ErrorCodec.java:167)
at org.openqa.selenium.remote.codec.w3c.W3CHttpResponseCodec.decode(W3CHttpResponseCodec.java:138)
at org.openqa.selenium.remote.codec.w3c.W3CHttpResponseCodec.decode(W3CHttpResponseCodec.java:50)
at org.openqa.selenium.remote.HttpCommandExecutor.execute(HttpCommandExecutor.java:215)
at org.openqa.selenium.remote.service.DriverCommandExecutor.invokeExecute(DriverCommandExecutor.java:216)
at org.openqa.selenium.remote.service.DriverCommandExecutor.execute(DriverCommandExecutor.java:174)
at org.openqa.selenium.remote.RemoteWebDriver.execute(RemoteWebDriver.java:545)
at org.openqa.selenium.remote.ElementLocation$ElementFinder$2.findElements(ElementLocation.java:182)
at org.openqa.selenium.remote.ElementLocation.findElements(ElementLocation.java:103)
at org.openqa.selenium.remote.RemoteWebDriver.findElements(RemoteWebDriver.java:381)
at org.openqa.selenium.remote.RemoteWebElement.findElements(RemoteWebElement.java:203)
at org.openqa.selenium.support.ui.Select.selectByVisibleText(Select.java:129)
at SeleniumAllConcepts.AddMedia.Registration(AddMedia.java:76)
at java.base/java.util.ArrayList.forEach(ArrayList.java:1597)
... Removed 28 stack frames]]>
    </failure>
  </testcase> <!-- Registration -->
  <testcase classname="SeleniumAllConcepts.AddMedia" name="NoCopies" time="0.028"/>
  <testcase classname="SeleniumAllConcepts.AddMedia" name="GetAttribute" time="0.025"/>
</testsuite> <!-- Test -->
