<?xml version="1.0" encoding="UTF-8"?>
<!-- Generated by org.testng.reporters.JUnitReportReporter -->
<testsuite hostname="DESKTOP-N2PRSIL" failures="0" tests="2" name="SeleniumAllConcepts.TC_005" time="10.306" errors="0" timestamp="2025-03-27T16:02:01 IST" skipped="0">
  <testcase classname="SeleniumAllConcepts.TC_005" name="OpenTheGroupConfiguration" time="9.394"/>
  <testcase classname="SeleniumAllConcepts.TC_005" name="EnterTheDetails" time="0.912"/>
</testsuite> <!-- SeleniumAllConcepts.TC_005 -->
