<?xml version="1.0" encoding="UTF-8"?>
<!-- Generated by org.testng.reporters.JUnitReportReporter -->
<testsuite hostname="DESKTOP-N2PRSIL" failures="0" tests="12" name="SeleniumAllConcepts.ForAutomationTestingInterview" time="8.139" errors="0" timestamp="2025-04-07T15:41:10 IST" skipped="0">
  <testcase classname="SeleniumAllConcepts.ForAutomationTestingInterview" name="ValidateInputFields" time="0.186"/>
  <testcase classname="SeleniumAllConcepts.ForAutomationTestingInterview" name="ButtonFunctionality" time="0.169"/>
  <testcase classname="SeleniumAllConcepts.ForAutomationTestingInterview" name="GetTheTitle" time="0.015"/>
  <testcase classname="SeleniumAllConcepts.ForAutomationTestingInterview" name="GetURL" time="0.014"/>
  <testcase classname="SeleniumAllConcepts.ForAutomationTestingInterview" name="GetTextAndGetAttribute" time="0.144"/>
  <testcase classname="SeleniumAllConcepts.ForAutomationTestingInterview" name="MouseHoverAction" time="0.886"/>
  <testcase classname="SeleniumAllConcepts.ForAutomationTestingInterview" name="SingleAndMultipleCheckBox" time="0.291"/>
  <testcase classname="SeleniumAllConcepts.ForAutomationTestingInterview" name="DropDown" time="0.173"/>
  <testcase classname="SeleniumAllConcepts.ForAutomationTestingInterview" name="NavigateMethod" time="2.911"/>
  <testcase classname="SeleniumAllConcepts.ForAutomationTestingInterview" name="Alert" time="0.110"/>
  <testcase classname="SeleniumAllConcepts.ForAutomationTestingInterview" name="NumberofLink" time="0.376"/>
  <testcase classname="SeleniumAllConcepts.ForAutomationTestingInterview" name="LinkText" time="2.864"/>
</testsuite> <!-- SeleniumAllConcepts.ForAutomationTestingInterview -->
