<?xml version="1.0" encoding="UTF-8"?>
<!-- Generated by org.testng.reporters.JUnitReportReporter -->
<testsuite hostname="DESKTOP-N2PRSIL" failures="0" tests="7" name="SeleniumAllConcepts.AddMedia" time="13.434" errors="1" timestamp="2025-04-11T13:07:14 IST" skipped="0">
  <testcase classname="SeleniumAllConcepts.AddMedia" name="NavigatetoAddLibraryPage" time="13.137">
    <system-out>
      <![CDATA[URL of The Add Library Page is : https://dev.myschoolone.com/Web/Library/library_addmedia.php]]>
    </system-out>
  </testcase> <!-- NavigatetoAddLibraryPage -->
  <testcase classname="SeleniumAllConcepts.AddMedia" name="TitleofThePage" time="0.008">
    <system-out>
      <![CDATA[Title of The Page is : MySchoolOne]]>
    </system-out>
  </testcase> <!-- TitleofThePage -->
  <testcase classname="SeleniumAllConcepts.AddMedia" name="titleOfSubmodule" time="0.026">
    <system-out>
      <![CDATA[Title of Submodule is: Add Media]]>
    </system-out>
  </testcase> <!-- titleOfSubmodule -->
  <testcase classname="SeleniumAllConcepts.AddMedia" name="SelectTheLibrary" time="0.078"/>
  <testcase classname="SeleniumAllConcepts.AddMedia" name="Registration" time="0.139">
    <error message="stale element reference: stale element not found in the current frame
  (Session info: chrome=135.0.7049.85)
For documentation on this error, please visit: https://www.selenium.dev/documentation/webdriver/troubleshooting/errors#stale-element-reference-exception
Build info: version: &#039;4.29.0&#039;, revision: &#039;5fc1ec94cb&#039;
System info: os.name: &#039;Windows 10&#039;, os.arch: &#039;amd64&#039;, os.version: &#039;10.0&#039;, java.version: &#039;23.0.2&#039;
Driver info: org.openqa.selenium.chrome.ChromeDriver
Command: [86bd4fd11ad31ca62e1634127ddeb0ea, findChildElements {id=f.1DD2F659F961121E61E0C319ACC5683E.d.1AD4B0141A95167513CE8798EE575F6C.e.86, value=.//option[normalize-space(.) = &quot;library 1&quot;], using=xpath}]
Capabilities {acceptInsecureCerts: false, browserName: chrome, browserVersion: 135.0.7049.85, chrome: {chromedriverVersion: 135.0.7049.84 (6c019e560019..., userDataDir: C:\Users\Stuti\AppData\Loca...}, fedcm:accounts: true, goog:chromeOptions: {debuggerAddress: localhost:56540}, networkConnectionEnabled: false, pageLoadStrategy: normal, platformName: windows, proxy: Proxy(), se:cdp: ws://localhost:56540/devtoo..., se:cdpVersion: 135.0.7049.85, setWindowRect: true, strictFileInteractability: false, timeouts: {implicit: 0, pageLoad: 300000, script: 30000}, unhandledPromptBehavior: dismiss and notify, webauthn:extension:credBlob: true, webauthn:extension:largeBlob: true, webauthn:extension:minPinLength: true, webauthn:extension:prf: true, webauthn:virtualAuthenticators: true}
Session ID: 86bd4fd11ad31ca62e1634127ddeb0ea" type="org.openqa.selenium.StaleElementReferenceException">
      <![CDATA[org.openqa.selenium.StaleElementReferenceException: stale element reference: stale element not found in the current frame
  (Session info: chrome=135.0.7049.85)
For documentation on this error, please visit: https://www.selenium.dev/documentation/webdriver/troubleshooting/errors#stale-element-reference-exception
Build info: version: '4.29.0', revision: '5fc1ec94cb'
System info: os.name: 'Windows 10', os.arch: 'amd64', os.version: '10.0', java.version: '23.0.2'
Driver info: org.openqa.selenium.chrome.ChromeDriver
Command: [86bd4fd11ad31ca62e1634127ddeb0ea, findChildElements {id=f.1DD2F659F961121E61E0C319ACC5683E.d.1AD4B0141A95167513CE8798EE575F6C.e.86, value=.//option[normalize-space(.) = "library 1"], using=xpath}]
Capabilities {acceptInsecureCerts: false, browserName: chrome, browserVersion: 135.0.7049.85, chrome: {chromedriverVersion: 135.0.7049.84 (6c019e560019..., userDataDir: C:\Users\Stuti\AppData\Loca...}, fedcm:accounts: true, goog:chromeOptions: {debuggerAddress: localhost:56540}, networkConnectionEnabled: false, pageLoadStrategy: normal, platformName: windows, proxy: Proxy(), se:cdp: ws://localhost:56540/devtoo..., se:cdpVersion: 135.0.7049.85, setWindowRect: true, strictFileInteractability: false, timeouts: {implicit: 0, pageLoad: 300000, script: 30000}, unhandledPromptBehavior: dismiss and notify, webauthn:extension:credBlob: true, webauthn:extension:largeBlob: true, webauthn:extension:minPinLength: true, webauthn:extension:prf: true, webauthn:virtualAuthenticators: true}
Session ID: 86bd4fd11ad31ca62e1634127ddeb0ea
at java.base/jdk.internal.reflect.DirectConstructorHandleAccessor.newInstance(DirectConstructorHandleAccessor.java:62)
at java.base/java.lang.reflect.Constructor.newInstanceWithCaller(Constructor.java:501)
at java.base/java.lang.reflect.Constructor.newInstance(Constructor.java:485)
at org.openqa.selenium.remote.ErrorCodec.decode(ErrorCodec.java:167)
at org.openqa.selenium.remote.codec.w3c.W3CHttpResponseCodec.decode(W3CHttpResponseCodec.java:138)
at org.openqa.selenium.remote.codec.w3c.W3CHttpResponseCodec.decode(W3CHttpResponseCodec.java:50)
at org.openqa.selenium.remote.HttpCommandExecutor.execute(HttpCommandExecutor.java:215)
at org.openqa.selenium.remote.service.DriverCommandExecutor.invokeExecute(DriverCommandExecutor.java:216)
at org.openqa.selenium.remote.service.DriverCommandExecutor.execute(DriverCommandExecutor.java:174)
at org.openqa.selenium.remote.RemoteWebDriver.execute(RemoteWebDriver.java:545)
at org.openqa.selenium.remote.ElementLocation$ElementFinder$2.findElements(ElementLocation.java:182)
at org.openqa.selenium.remote.ElementLocation.findElements(ElementLocation.java:103)
at org.openqa.selenium.remote.RemoteWebDriver.findElements(RemoteWebDriver.java:381)
at org.openqa.selenium.remote.RemoteWebElement.findElements(RemoteWebElement.java:203)
at org.openqa.selenium.support.ui.Select.selectByVisibleText(Select.java:129)
at SeleniumAllConcepts.AddMedia.Registration(AddMedia.java:72)
at java.base/jdk.internal.reflect.DirectMethodHandleAccessor.invoke(DirectMethodHandleAccessor.java:103)
at java.base/java.lang.reflect.Method.invoke(Method.java:580)
at org.testng.internal.invokers.MethodInvocationHelper.invokeMethod(MethodInvocationHelper.java:141)
at org.testng.internal.invokers.TestInvoker.invokeMethod(TestInvoker.java:686)
at org.testng.internal.invokers.TestInvoker.invokeTestMethod(TestInvoker.java:230)
at org.testng.internal.invokers.MethodRunner.runInSequence(MethodRunner.java:63)
at org.testng.internal.invokers.TestInvoker$MethodInvocationAgent.invoke(TestInvoker.java:992)
at org.testng.internal.invokers.TestInvoker.invokeTestMethods(TestInvoker.java:203)
at org.testng.internal.invokers.TestMethodWorker.invokeTestMethods(TestMethodWorker.java:154)
at org.testng.internal.invokers.TestMethodWorker.run(TestMethodWorker.java:134)
at java.base/java.util.ArrayList.forEach(ArrayList.java:1597)
at org.testng.TestRunner.privateRun(TestRunner.java:739)
at org.testng.TestRunner.run(TestRunner.java:614)
at org.testng.SuiteRunner.runTest(SuiteRunner.java:421)
at org.testng.SuiteRunner.runSequentially(SuiteRunner.java:413)
at org.testng.SuiteRunner.privateRun(SuiteRunner.java:373)
at org.testng.SuiteRunner.run(SuiteRunner.java:312)
at org.testng.SuiteRunnerWorker.runSuite(SuiteRunnerWorker.java:52)
at org.testng.SuiteRunnerWorker.run(SuiteRunnerWorker.java:95)
at org.testng.TestNG.runSuitesSequentially(TestNG.java:1274)
at org.testng.TestNG.runSuitesLocally(TestNG.java:1208)
at org.testng.TestNG.runSuites(TestNG.java:1112)
at org.testng.TestNG.run(TestNG.java:1079)
at org.testng.remote.AbstractRemoteTestNG.run(AbstractRemoteTestNG.java:115)
at org.testng.remote.RemoteTestNG.initAndRun(RemoteTestNG.java:293)
at org.testng.remote.RemoteTestNG.main(RemoteTestNG.java:91)
]]>
    </error>
  </testcase> <!-- Registration -->
  <testcase classname="SeleniumAllConcepts.AddMedia" name="NoCopies" time="0.024"/>
  <testcase classname="SeleniumAllConcepts.AddMedia" name="GetAttribute" time="0.022">
    <system-out>
      <![CDATA[Value of Attribure is : number]]>
    </system-out>
  </testcase> <!-- GetAttribute -->
  <system-out>
    <![CDATA[Title of the Page is: Hands-On Selenium WebDriver with Java
URL of the Page is: https://bonigarcia.dev/selenium-webdriver-java/web-form.html
Title of the Page is: Hands-On Selenium WebDriver with Java
Name of the Drop Down is: my-select
Count of the Drop Down options is: 4
Message after form submission is: Form submitted
Label Name is : Username
Title of The Page is : Test Login | Practice Test Automation
URL of The Page is : https://practicetestautomation.com/practice-test-login/
Success Message is : Congratulations student. You successfully logged in!
Number of Link in This Page is : 10
Name of The Links is : 
Name of The Links is : 
Name of The Links is : HOME
Name of The Links is : PRACTICE
Name of The Links is : COURSES
Name of The Links is : BLOG
Name of The Links is : CONTACT
Name of The Links is : Log out
Name of The Links is : Practice Test Automation.
Name of The Links is : Privacy Policy
URL of The Add Library Page is : https://dev.myschoolone.com/Web/Library/library_addmedia.php
Title of The Page is : MySchoolOne
Title of Submodule is: Add Media
Value of Attribure is : number
Current URL of The Application is : https://www.spicejet.com/profile/sign-up/
Title of The Application is : SpiceJet - Flight Booking for Domestic and International, Cheap Air Tickets
Number of Link in This Application is : 42
Name of All Link is : 
Name of All Link is : Sign in
Name of All Link is : Terms & Conditions
Name of All Link is : Spice Route Magazine
Name of All Link is : Corporate Overview
Name of All Link is : Fleet
Name of All Link is : Careers
Name of All Link is : Media Center
Name of All Link is : Awards and Applaud
Name of All Link is : Airports
Name of All Link is : International Offices
Name of All Link is : Corporate Head Office
Name of All Link is : Advertise with Us
Name of All Link is : RFP
Name of All Link is : Citizen's Charter
Name of All Link is : FAQ
Name of All Link is : Fitness To Fly Guideline
Name of All Link is : Flight Schedules
Name of All Link is : Terms of Carriage
Name of All Link is : Fees and Charges
Name of All Link is : Know Your Rights
Name of All Link is : Book Any Test From Any Lab
Name of All Link is : Book Any Test From Any Lab in Delhi
Name of All Link is : Corporate Governance
Name of All Link is : Financial Information
Name of All Link is : Notices
Name of All Link is : Corporate Announcements
Name of All Link is : Shareholding Pattern
Name of All Link is : Investor Services
Name of All Link is : Disclosure Regulation 46
Name of All Link is : 
Name of All Link is : 
Name of All Link is : 
Name of All Link is : 
Name of All Link is : 
Name of All Link is : 
Name of All Link is : 
Name of All Link is : Home
Name of All Link is : Privacy Policy
Name of All Link is : Disclaimer
Name of All Link is : GST Information
Name of All Link is : Sitemap
Number of Images is : 23]]>
  </system-out>
</testsuite> <!-- SeleniumAllConcepts.AddMedia -->
