<?xml version="1.0" encoding="UTF-8"?>
<!-- Generated by org.testng.reporters.JUnitReportReporter -->
<testsuite hostname="DESKTOP-N2PRSIL" failures="0" tests="1" name="SeleniumAllConcepts.TC_001OrangeHRMLoginTest" time="5.499" errors="0" timestamp="2025-04-11T13:07:14 IST" skipped="0">
  <testcase classname="SeleniumAllConcepts.TC_001OrangeHRMLoginTest" name="testLogin" time="5.499"/>
  <system-out>
    <![CDATA[Title of the Page is: Hands-On Selenium WebDriver with Java
URL of the Page is: https://bonigarcia.dev/selenium-webdriver-java/web-form.html
Title of the Page is: Hands-On Selenium WebDriver with Java
Name of the Drop Down is: my-select
Count of the Drop Down options is: 4
Message after form submission is: Form submitted
Label Name is : Username
Title of The Page is : Test Login | Practice Test Automation
URL of The Page is : https://practicetestautomation.com/practice-test-login/
Success Message is : Congratulations student. You successfully logged in!
Number of Link in This Page is : 10
Name of The Links is : 
Name of The Links is : 
Name of The Links is : HOME
Name of The Links is : PRACTICE
Name of The Links is : COURSES
Name of The Links is : BLOG
Name of The Links is : CONTACT
Name of The Links is : Log out
Name of The Links is : Practice Test Automation.
Name of The Links is : Privacy Policy
URL of The Add Library Page is : https://dev.myschoolone.com/Web/Library/library_addmedia.php
Title of The Page is : MySchoolOne
Title of Submodule is: Add Media
Value of Attribure is : number
Current URL of The Application is : https://www.spicejet.com/profile/sign-up/
Title of The Application is : SpiceJet - Flight Booking for Domestic and International, Cheap Air Tickets
Number of Link in This Application is : 42
Name of All Link is : 
Name of All Link is : Sign in
Name of All Link is : Terms & Conditions
Name of All Link is : Spice Route Magazine
Name of All Link is : Corporate Overview
Name of All Link is : Fleet
Name of All Link is : Careers
Name of All Link is : Media Center
Name of All Link is : Awards and Applaud
Name of All Link is : Airports
Name of All Link is : International Offices
Name of All Link is : Corporate Head Office
Name of All Link is : Advertise with Us
Name of All Link is : RFP
Name of All Link is : Citizen's Charter
Name of All Link is : FAQ
Name of All Link is : Fitness To Fly Guideline
Name of All Link is : Flight Schedules
Name of All Link is : Terms of Carriage
Name of All Link is : Fees and Charges
Name of All Link is : Know Your Rights
Name of All Link is : Book Any Test From Any Lab
Name of All Link is : Book Any Test From Any Lab in Delhi
Name of All Link is : Corporate Governance
Name of All Link is : Financial Information
Name of All Link is : Notices
Name of All Link is : Corporate Announcements
Name of All Link is : Shareholding Pattern
Name of All Link is : Investor Services
Name of All Link is : Disclosure Regulation 46
Name of All Link is : 
Name of All Link is : 
Name of All Link is : 
Name of All Link is : 
Name of All Link is : 
Name of All Link is : 
Name of All Link is : 
Name of All Link is : Home
Name of All Link is : Privacy Policy
Name of All Link is : Disclaimer
Name of All Link is : GST Information
Name of All Link is : Sitemap
Number of Images is : 23]]>
  </system-out>
</testsuite> <!-- SeleniumAllConcepts.TC_001OrangeHRMLoginTest -->
