<?xml version="1.0" encoding="UTF-8"?>
<!-- Generated by org.testng.reporters.JUnitReportReporter -->
<testsuite hostname="DESKTOP-N2PRSIL" failures="0" tests="12" name="SeleniumAllConcepts.ForAutomationTestingInterview" time="4.521" errors="0" timestamp="2025-04-07T11:16:51 IST" skipped="0">
  <testcase classname="SeleniumAllConcepts.ForAutomationTestingInterview" name="ValidateInputFields" time="0.168"/>
  <testcase classname="SeleniumAllConcepts.ForAutomationTestingInterview" name="ButtonFunctionality" time="0.141"/>
  <testcase classname="SeleniumAllConcepts.ForAutomationTestingInterview" name="GetTheTitle" time="0.019"/>
  <testcase classname="SeleniumAllConcepts.ForAutomationTestingInterview" name="GetURL" time="0.019"/>
  <testcase classname="SeleniumAllConcepts.ForAutomationTestingInterview" name="GetTextAndGetAttribute" time="0.113"/>
  <testcase classname="SeleniumAllConcepts.ForAutomationTestingInterview" name="MouseHoverAction" time="0.795"/>
  <testcase classname="SeleniumAllConcepts.ForAutomationTestingInterview" name="SingleAndMultipleCheckBox" time="0.304"/>
  <testcase classname="SeleniumAllConcepts.ForAutomationTestingInterview" name="DropDown" time="0.172"/>
  <testcase classname="SeleniumAllConcepts.ForAutomationTestingInterview" name="NavigateMethod" time="0.885"/>
  <testcase classname="SeleniumAllConcepts.ForAutomationTestingInterview" name="Alert" time="0.097"/>
  <testcase classname="SeleniumAllConcepts.ForAutomationTestingInterview" name="NumberofLink" time="0.317"/>
  <testcase classname="SeleniumAllConcepts.ForAutomationTestingInterview" name="LinkText" time="1.491"/>
</testsuite> <!-- SeleniumAllConcepts.ForAutomationTestingInterview -->
