<?xml version="1.0" encoding="UTF-8"?>
<!-- Generated by org.testng.reporters.JUnitReportReporter -->
<testsuite hostname="DESKTOP-N2PRSIL" failures="0" tests="2" name="SeleniumAllConcepts.TC_004ReplyTemplate" time="15.421" errors="0" timestamp="2025-03-27T17:33:41 IST" skipped="0">
  <testcase classname="SeleniumAllConcepts.TC_004ReplyTemplate" name="loginTest" time="2.321"/>
  <testcase classname="SeleniumAllConcepts.TC_004ReplyTemplate" name="ReplyTemplate" time="13.100"/>
</testsuite> <!-- SeleniumAllConcepts.TC_004ReplyTemplate -->
