<?xml version="1.0" encoding="UTF-8"?>
<!-- Generated by org.testng.reporters.JUnitReportReporter -->
<testsuite hostname="DESKTOP-N2PRSIL" failures="0" tests="6" name="SeleniumAllConcepts.TC_003AddCategory" time="40.931" errors="0" timestamp="2025-04-01T16:29:31 IST" skipped="0">
  <testcase classname="SeleniumAllConcepts.TC_003AddCategory" name="loginTest" time="2.922"/>
  <testcase classname="SeleniumAllConcepts.TC_003AddCategory" name="loginTest" time="2.262"/>
  <testcase classname="SeleniumAllConcepts.TC_003AddCategory" name="loginTest" time="2.320"/>
  <testcase classname="SeleniumAllConcepts.TC_003AddCategory" name="addCategory" time="11.918"/>
  <testcase classname="SeleniumAllConcepts.TC_003AddCategory" name="addCategory" time="9.722"/>
  <testcase classname="SeleniumAllConcepts.TC_003AddCategory" name="addCategory" time="11.787"/>
</testsuite> <!-- SeleniumAllConcepts.TC_003AddCategory -->
