<?xml version="1.0" encoding="UTF-8"?>
<!-- Generated by org.testng.reporters.JUnitReportReporter -->
<testsuite hostname="DESKTOP-N2PRSIL" failures="2" tests="6" name="SeleniumAllConcepts.Spicejetcomprofile" time="5.413" errors="0" timestamp="2025-04-11T13:07:14 IST" skipped="0">
  <testcase classname="SeleniumAllConcepts.Spicejetcomprofile" name="VerifyTheURL" time="0.008">
    <system-out>
      <![CDATA[Current URL of The Application is : https://www.spicejet.com/profile/sign-up/]]>
    </system-out>
  </testcase> <!-- VerifyTheURL -->
  <testcase classname="SeleniumAllConcepts.Spicejetcomprofile" name="TitleofThePage" time="0.019">
    <system-out>
      <![CDATA[Title of The Application is : SpiceJet - Flight Booking for Domestic and International, Cheap Air Tickets]]>
    </system-out>
  </testcase> <!-- TitleofThePage -->
  <testcase classname="SeleniumAllConcepts.Spicejetcomprofile" name="VerifyNumberOfLink" time="1.131">
    <system-out>
      <![CDATA[Number of Link in This Application is : 42
Name of All Link is : 
Name of All Link is : Sign in
Name of All Link is : Terms & Conditions
Name of All Link is : Spice Route Magazine
Name of All Link is : Corporate Overview
Name of All Link is : Fleet
Name of All Link is : Careers
Name of All Link is : Media Center
Name of All Link is : Awards and Applaud
Name of All Link is : Airports
Name of All Link is : International Offices
Name of All Link is : Corporate Head Office
Name of All Link is : Advertise with Us
Name of All Link is : RFP
Name of All Link is : Citizen's Charter
Name of All Link is : FAQ
Name of All Link is : Fitness To Fly Guideline
Name of All Link is : Flight Schedules
Name of All Link is : Terms of Carriage
Name of All Link is : Fees and Charges
Name of All Link is : Know Your Rights
Name of All Link is : Book Any Test From Any Lab
Name of All Link is : Book Any Test From Any Lab in Delhi
Name of All Link is : Corporate Governance
Name of All Link is : Financial Information
Name of All Link is : Notices
Name of All Link is : Corporate Announcements
Name of All Link is : Shareholding Pattern
Name of All Link is : Investor Services
Name of All Link is : Disclosure Regulation 46
Name of All Link is : 
Name of All Link is : 
Name of All Link is : 
Name of All Link is : 
Name of All Link is : 
Name of All Link is : 
Name of All Link is : 
Name of All Link is : Home
Name of All Link is : Privacy Policy
Name of All Link is : Disclaimer
Name of All Link is : GST Information
Name of All Link is : Sitemap]]>
    </system-out>
  </testcase> <!-- VerifyNumberOfLink -->
  <testcase classname="SeleniumAllConcepts.Spicejetcomprofile" name="VerifyNumberOfImage" time="0.022">
    <system-out>
      <![CDATA[Number of Images is : 23]]>
    </system-out>
  </testcase> <!-- VerifyNumberOfImage -->
  <testcase classname="SeleniumAllConcepts.Spicejetcomprofile" name="verifyTheLogoOfApplication" time="4.186">
    <failure message="An unexpected error occurred: invalid session id: session deleted as the browser has closed the connection
from disconnected: not connected to DevTools
  (Session info: chrome=135.0.7049.85)
Build info: version: &#039;4.29.0&#039;, revision: &#039;5fc1ec94cb&#039;
System info: os.name: &#039;Windows 10&#039;, os.arch: &#039;amd64&#039;, os.version: &#039;10.0&#039;, java.version: &#039;23.0.2&#039;
Driver info: org.openqa.selenium.chrome.ChromeDriver
Command: [059c38145f0b0b31b3bf33a208eccaeb, findElement {using=xpath, value=//a[normalize-space()=&#039;&#039;]//img[@class=&#039;css-9pa8cd&#039;]}]
Capabilities {acceptInsecureCerts: false, browserName: chrome, browserVersion: 135.0.7049.85, chrome: {chromedriverVersion: 135.0.7049.84 (6c019e560019..., userDataDir: C:\Users\Stuti\AppData\Loca...}, fedcm:accounts: true, goog:chromeOptions: {debuggerAddress: localhost:56806}, networkConnectionEnabled: false, pageLoadStrategy: normal, platformName: windows, proxy: Proxy(), se:cdp: ws://localhost:56806/devtoo..., se:cdpVersion: 135.0.7049.85, setWindowRect: true, strictFileInteractability: false, timeouts: {implicit: 0, pageLoad: 300000, script: 30000}, unhandledPromptBehavior: dismiss and notify, webauthn:extension:credBlob: true, webauthn:extension:largeBlob: true, webauthn:extension:minPinLength: true, webauthn:extension:prf: true, webauthn:virtualAuthenticators: true}
Session ID: 059c38145f0b0b31b3bf33a208eccaeb" type="java.lang.AssertionError">
      <![CDATA[java.lang.AssertionError: An unexpected error occurred: invalid session id: session deleted as the browser has closed the connection
from disconnected: not connected to DevTools
  (Session info: chrome=135.0.7049.85)
Build info: version: '4.29.0', revision: '5fc1ec94cb'
System info: os.name: 'Windows 10', os.arch: 'amd64', os.version: '10.0', java.version: '23.0.2'
Driver info: org.openqa.selenium.chrome.ChromeDriver
Command: [059c38145f0b0b31b3bf33a208eccaeb, findElement {using=xpath, value=//a[normalize-space()='']//img[@class='css-9pa8cd']}]
Capabilities {acceptInsecureCerts: false, browserName: chrome, browserVersion: 135.0.7049.85, chrome: {chromedriverVersion: 135.0.7049.84 (6c019e560019..., userDataDir: C:\Users\Stuti\AppData\Loca...}, fedcm:accounts: true, goog:chromeOptions: {debuggerAddress: localhost:56806}, networkConnectionEnabled: false, pageLoadStrategy: normal, platformName: windows, proxy: Proxy(), se:cdp: ws://localhost:56806/devtoo..., se:cdpVersion: 135.0.7049.85, setWindowRect: true, strictFileInteractability: false, timeouts: {implicit: 0, pageLoad: 300000, script: 30000}, unhandledPromptBehavior: dismiss and notify, webauthn:extension:credBlob: true, webauthn:extension:largeBlob: true, webauthn:extension:minPinLength: true, webauthn:extension:prf: true, webauthn:virtualAuthenticators: true}
Session ID: 059c38145f0b0b31b3bf33a208eccaeb
at org.testng.Assert.fail(Assert.java:111)
at SeleniumAllConcepts.Spicejetcomprofile.verifyTheLogoOfApplication(Spicejetcomprofile.java:76)
at java.base/jdk.internal.reflect.DirectMethodHandleAccessor.invoke(DirectMethodHandleAccessor.java:103)
at java.base/java.lang.reflect.Method.invoke(Method.java:580)
at org.testng.internal.invokers.MethodInvocationHelper.invokeMethod(MethodInvocationHelper.java:141)
at org.testng.internal.invokers.TestInvoker.invokeMethod(TestInvoker.java:686)
at org.testng.internal.invokers.TestInvoker.invokeTestMethod(TestInvoker.java:230)
at org.testng.internal.invokers.MethodRunner.runInSequence(MethodRunner.java:63)
at org.testng.internal.invokers.TestInvoker$MethodInvocationAgent.invoke(TestInvoker.java:992)
at org.testng.internal.invokers.TestInvoker.invokeTestMethods(TestInvoker.java:203)
at org.testng.internal.invokers.TestMethodWorker.invokeTestMethods(TestMethodWorker.java:154)
at org.testng.internal.invokers.TestMethodWorker.run(TestMethodWorker.java:134)
at java.base/java.util.ArrayList.forEach(ArrayList.java:1597)
at org.testng.TestRunner.privateRun(TestRunner.java:739)
at org.testng.TestRunner.run(TestRunner.java:614)
at org.testng.SuiteRunner.runTest(SuiteRunner.java:421)
at org.testng.SuiteRunner.runSequentially(SuiteRunner.java:413)
at org.testng.SuiteRunner.privateRun(SuiteRunner.java:373)
at org.testng.SuiteRunner.run(SuiteRunner.java:312)
at org.testng.SuiteRunnerWorker.runSuite(SuiteRunnerWorker.java:52)
at org.testng.SuiteRunnerWorker.run(SuiteRunnerWorker.java:95)
at org.testng.TestNG.runSuitesSequentially(TestNG.java:1274)
at org.testng.TestNG.runSuitesLocally(TestNG.java:1208)
at org.testng.TestNG.runSuites(TestNG.java:1112)
at org.testng.TestNG.run(TestNG.java:1079)
at org.testng.remote.AbstractRemoteTestNG.run(AbstractRemoteTestNG.java:115)
at org.testng.remote.RemoteTestNG.initAndRun(RemoteTestNG.java:293)
at org.testng.remote.RemoteTestNG.main(RemoteTestNG.java:91)
]]>
    </failure>
  </testcase> <!-- verifyTheLogoOfApplication -->
  <testcase classname="SeleniumAllConcepts.Spicejetcomprofile" name="verifyTheEnrollFunctionality" time="0.047">
    <failure message="WebDriver session is invalid or closed. Make sure the browser is launched before this test." type="java.lang.AssertionError">
      <![CDATA[java.lang.AssertionError: WebDriver session is invalid or closed. Make sure the browser is launched before this test.
at org.testng.Assert.fail(Assert.java:111)
at SeleniumAllConcepts.Spicejetcomprofile.verifyTheEnrollFunctionality(Spicejetcomprofile.java:87)
at java.base/jdk.internal.reflect.DirectMethodHandleAccessor.invoke(DirectMethodHandleAccessor.java:103)
at java.base/java.lang.reflect.Method.invoke(Method.java:580)
at org.testng.internal.invokers.MethodInvocationHelper.invokeMethod(MethodInvocationHelper.java:141)
at org.testng.internal.invokers.TestInvoker.invokeMethod(TestInvoker.java:686)
at org.testng.internal.invokers.TestInvoker.invokeTestMethod(TestInvoker.java:230)
at org.testng.internal.invokers.MethodRunner.runInSequence(MethodRunner.java:63)
at org.testng.internal.invokers.TestInvoker$MethodInvocationAgent.invoke(TestInvoker.java:992)
at org.testng.internal.invokers.TestInvoker.invokeTestMethods(TestInvoker.java:203)
at org.testng.internal.invokers.TestMethodWorker.invokeTestMethods(TestMethodWorker.java:154)
at org.testng.internal.invokers.TestMethodWorker.run(TestMethodWorker.java:134)
at java.base/java.util.ArrayList.forEach(ArrayList.java:1597)
at org.testng.TestRunner.privateRun(TestRunner.java:739)
at org.testng.TestRunner.run(TestRunner.java:614)
at org.testng.SuiteRunner.runTest(SuiteRunner.java:421)
at org.testng.SuiteRunner.runSequentially(SuiteRunner.java:413)
at org.testng.SuiteRunner.privateRun(SuiteRunner.java:373)
at org.testng.SuiteRunner.run(SuiteRunner.java:312)
at org.testng.SuiteRunnerWorker.runSuite(SuiteRunnerWorker.java:52)
at org.testng.SuiteRunnerWorker.run(SuiteRunnerWorker.java:95)
at org.testng.TestNG.runSuitesSequentially(TestNG.java:1274)
at org.testng.TestNG.runSuitesLocally(TestNG.java:1208)
at org.testng.TestNG.runSuites(TestNG.java:1112)
at org.testng.TestNG.run(TestNG.java:1079)
at org.testng.remote.AbstractRemoteTestNG.run(AbstractRemoteTestNG.java:115)
at org.testng.remote.RemoteTestNG.initAndRun(RemoteTestNG.java:293)
at org.testng.remote.RemoteTestNG.main(RemoteTestNG.java:91)
]]>
    </failure>
  </testcase> <!-- verifyTheEnrollFunctionality -->
  <system-out>
    <![CDATA[Title of the Page is: Hands-On Selenium WebDriver with Java
URL of the Page is: https://bonigarcia.dev/selenium-webdriver-java/web-form.html
Title of the Page is: Hands-On Selenium WebDriver with Java
Name of the Drop Down is: my-select
Count of the Drop Down options is: 4
Message after form submission is: Form submitted
Label Name is : Username
Title of The Page is : Test Login | Practice Test Automation
URL of The Page is : https://practicetestautomation.com/practice-test-login/
Success Message is : Congratulations student. You successfully logged in!
Number of Link in This Page is : 10
Name of The Links is : 
Name of The Links is : 
Name of The Links is : HOME
Name of The Links is : PRACTICE
Name of The Links is : COURSES
Name of The Links is : BLOG
Name of The Links is : CONTACT
Name of The Links is : Log out
Name of The Links is : Practice Test Automation.
Name of The Links is : Privacy Policy
URL of The Add Library Page is : https://dev.myschoolone.com/Web/Library/library_addmedia.php
Title of The Page is : MySchoolOne
Title of Submodule is: Add Media
Value of Attribure is : number
Current URL of The Application is : https://www.spicejet.com/profile/sign-up/
Title of The Application is : SpiceJet - Flight Booking for Domestic and International, Cheap Air Tickets
Number of Link in This Application is : 42
Name of All Link is : 
Name of All Link is : Sign in
Name of All Link is : Terms & Conditions
Name of All Link is : Spice Route Magazine
Name of All Link is : Corporate Overview
Name of All Link is : Fleet
Name of All Link is : Careers
Name of All Link is : Media Center
Name of All Link is : Awards and Applaud
Name of All Link is : Airports
Name of All Link is : International Offices
Name of All Link is : Corporate Head Office
Name of All Link is : Advertise with Us
Name of All Link is : RFP
Name of All Link is : Citizen's Charter
Name of All Link is : FAQ
Name of All Link is : Fitness To Fly Guideline
Name of All Link is : Flight Schedules
Name of All Link is : Terms of Carriage
Name of All Link is : Fees and Charges
Name of All Link is : Know Your Rights
Name of All Link is : Book Any Test From Any Lab
Name of All Link is : Book Any Test From Any Lab in Delhi
Name of All Link is : Corporate Governance
Name of All Link is : Financial Information
Name of All Link is : Notices
Name of All Link is : Corporate Announcements
Name of All Link is : Shareholding Pattern
Name of All Link is : Investor Services
Name of All Link is : Disclosure Regulation 46
Name of All Link is : 
Name of All Link is : 
Name of All Link is : 
Name of All Link is : 
Name of All Link is : 
Name of All Link is : 
Name of All Link is : 
Name of All Link is : Home
Name of All Link is : Privacy Policy
Name of All Link is : Disclaimer
Name of All Link is : GST Information
Name of All Link is : Sitemap
Number of Images is : 23]]>
  </system-out>
</testsuite> <!-- SeleniumAllConcepts.Spicejetcomprofile -->
