<?xml version="1.0" encoding="UTF-8"?>
<!-- Generated by org.testng.reporters.JUnitReportReporter -->
<testsuite hostname="DESKTOP-N2PRSIL" failures="0" tests="2" name="SeleniumAllConcepts.AutomationInterviewPractice" time="5.796" errors="0" timestamp="2025-04-03T16:32:57 IST" skipped="0">
  <testcase classname="SeleniumAllConcepts.AutomationInterviewPractice" name="Setup" time="5.457"/>
  <testcase classname="SeleniumAllConcepts.AutomationInterviewPractice" name="NumberofLinks" time="0.339"/>
</testsuite> <!-- SeleniumAllConcepts.AutomationInterviewPractice -->
