<?xml version="1.0" encoding="UTF-8"?>
<!-- Generated by org.testng.reporters.JUnitReportReporter -->
<testsuite hostname="DESKTOP-N2PRSIL" failures="0" tests="2" name="SeleniumAllConcepts.TC_005GroupConfiguration" time="10.157" errors="0" timestamp="2025-03-29T09:59:55 IST" skipped="0">
  <testcase classname="SeleniumAllConcepts.TC_005GroupConfiguration" name="OpenTheGroupConfiguration" time="9.270"/>
  <testcase classname="SeleniumAllConcepts.TC_005GroupConfiguration" name="EnterTheDetails" time="0.887"/>
</testsuite> <!-- SeleniumAllConcepts.TC_005GroupConfiguration -->
