<?xml version="1.0" encoding="UTF-8"?>
<!-- Generated by org.testng.reporters.JUnitReportReporter -->
<testsuite hostname="DESKTOP-N2PRSIL" failures="0" tests="3" name="SeleniumAllConcepts.TestPageAlert" time="0.535" errors="0" timestamp="2025-04-12T11:47:50 IST" skipped="0">
  <testcase classname="SeleniumAllConcepts.TestPageAlert" name="VerifyTheSimpleAlert" time="0.330">
    <system-out>
      <![CDATA[Text Message on Simple Alert : I am an alert box!]]>
    </system-out>
  </testcase> <!-- VerifyTheSimpleAlert -->
  <testcase classname="SeleniumAllConcepts.TestPageAlert" name="VerifyTheConfirmAlert" time="0.092">
    <system-out>
      <![CDATA[Text Message on Confirm Alert : I am a confirm alert]]>
    </system-out>
  </testcase> <!-- VerifyTheConfirmAlert -->
  <testcase classname="SeleniumAllConcepts.TestPageAlert" name="PromptAlert" time="0.113">
    <system-out>
      <![CDATA[Text Message on Prompt Alert : I prompt you]]>
    </system-out>
  </testcase> <!-- PromptAlert -->
  <system-out>
    <![CDATA[Text Message on Simple Alert : I am an alert box!
Text Message on Confirm Alert : I am a confirm alert
Text Message on Prompt Alert : I prompt you]]>
  </system-out>
</testsuite> <!-- SeleniumAllConcepts.TestPageAlert -->
