<?xml version="1.0" encoding="UTF-8"?>
<!-- Generated by org.testng.reporters.JUnitReportReporter -->
<testsuite hostname="DESKTOP-N2PRSIL" failures="0" tests="10" name="SeleniumAllConcepts.AutomationExercise" time="1.301" errors="0" timestamp="2025-04-10T10:31:21 IST" skipped="0">
  <testcase classname="SeleniumAllConcepts.AutomationExercise" name="VerifytheApplicationLogo" time="0.117"/>
  <testcase classname="SeleniumAllConcepts.AutomationExercise" name="VerifyTheUserNameFunctionality" time="0.130"/>
  <testcase classname="SeleniumAllConcepts.AutomationExercise" name="VerifyTheUserNameLabel" time="0.041">
    <system-out>
      <![CDATA[Label Name is : Username]]>
    </system-out>
  </testcase> <!-- VerifyTheUserNameLabel -->
  <testcase classname="SeleniumAllConcepts.AutomationExercise" name="VerifyTheTitleOfThePage" time="0.014">
    <system-out>
      <![CDATA[Title of The Page is : Test Login | Practice Test Automation]]>
    </system-out>
  </testcase> <!-- VerifyTheTitleOfThePage -->
  <testcase classname="SeleniumAllConcepts.AutomationExercise" name="VerifyTheURLofThePage" time="0.009">
    <system-out>
      <![CDATA[URL of The Page is : https://practicetestautomation.com/practice-test-login/]]>
    </system-out>
  </testcase> <!-- VerifyTheURLofThePage -->
  <testcase classname="SeleniumAllConcepts.AutomationExercise" name="VerifyThePasswordFunctionality" time="0.073"/>
  <testcase classname="SeleniumAllConcepts.AutomationExercise" name="VerifyTheSubmitButtonFunctionality" time="0.751"/>
  <testcase classname="SeleniumAllConcepts.AutomationExercise" name="VerifyLoginSuccessMessage" time="0.038">
    <system-out>
      <![CDATA[Success Message is : Congratulations student. You successfully logged in!]]>
    </system-out>
  </testcase> <!-- VerifyLoginSuccessMessage -->
  <testcase classname="SeleniumAllConcepts.AutomationExercise" name="VerifyTheLogOutButtonFunctionality" time="0.024"/>
  <testcase classname="SeleniumAllConcepts.AutomationExercise" name="NumberofLink" time="0.104">
    <system-out>
      <![CDATA[Number of Link in This Page is : 10
Name of The Links is : 
Name of The Links is : 
Name of The Links is : HOME
Name of The Links is : PRACTICE
Name of The Links is : COURSES
Name of The Links is : BLOG
Name of The Links is : CONTACT
Name of The Links is : Log out
Name of The Links is : Practice Test Automation.
Name of The Links is : Privacy Policy]]>
    </system-out>
  </testcase> <!-- NumberofLink -->
  <system-out>
    <![CDATA[Label Name is : Username
Title of The Page is : Test Login | Practice Test Automation
URL of The Page is : https://practicetestautomation.com/practice-test-login/
Success Message is : Congratulations student. You successfully logged in!
Number of Link in This Page is : 10
Name of The Links is : 
Name of The Links is : 
Name of The Links is : HOME
Name of The Links is : PRACTICE
Name of The Links is : COURSES
Name of The Links is : BLOG
Name of The Links is : CONTACT
Name of The Links is : Log out
Name of The Links is : Practice Test Automation.
Name of The Links is : Privacy Policy]]>
  </system-out>
</testsuite> <!-- SeleniumAllConcepts.AutomationExercise -->
