<?xml version="1.0" encoding="UTF-8"?>
<!-- Generated by org.testng.reporters.JUnitReportReporter -->
<testsuite hostname="DESKTOP-N2PRSIL" failures="0" tests="2" name="SeleniumAllConcepts.TC_003AddCategory" time="17.160" errors="0" timestamp="2025-04-08T15:41:29 IST" skipped="0">
  <testcase classname="SeleniumAllConcepts.TC_003AddCategory" name="loginTest" time="2.076"/>
  <testcase classname="SeleniumAllConcepts.TC_003AddCategory" name="addCategory" time="15.084"/>
</testsuite> <!-- SeleniumAllConcepts.TC_003AddCategory -->
