<?xml version="1.0" encoding="UTF-8"?>
<!-- Generated by org.testng.reporters.JUnitReportReporter -->
<testsuite hostname="DESKTOP-N2PRSIL" failures="0" tests="10" name="SeleniumAllConcepts.SeleniumPractice" time="0.872" errors="0" timestamp="2025-04-10T12:10:21 IST" skipped="0">
  <testcase classname="SeleniumAllConcepts.SeleniumPractice" name="TitleofThePage" time="0.020">
    <system-out>
      <![CDATA[Title of the Page is: Hands-On Selenium WebDriver with Java]]>
    </system-out>
  </testcase> <!-- TitleofThePage -->
  <testcase classname="SeleniumAllConcepts.SeleniumPractice" name="URLofThePage" time="0.009">
    <system-out>
      <![CDATA[URL of the Page is: https://bonigarcia.dev/selenium-webdriver-java/web-form.html]]>
    </system-out>
  </testcase> <!-- URLofThePage -->
  <testcase classname="SeleniumAllConcepts.SeleniumPractice" name="VerifyTitleOfThePageIsDisplayedOnScreen" time="0.064">
    <system-out>
      <![CDATA[Title of the Page is: Hands-On Selenium WebDriver with Java]]>
    </system-out>
  </testcase> <!-- VerifyTitleOfThePageIsDisplayedOnScreen -->
  <testcase classname="SeleniumAllConcepts.SeleniumPractice" name="VerifyTextField" time="0.132"/>
  <testcase classname="SeleniumAllConcepts.SeleniumPractice" name="VerifyThePassword" time="0.070"/>
  <testcase classname="SeleniumAllConcepts.SeleniumPractice" name="DisabledInput" time="0.022"/>
  <testcase classname="SeleniumAllConcepts.SeleniumPractice" name="VerifyTheDropDown" time="0.124">
    <system-out>
      <![CDATA[Name of the Drop Down is: my-select
Count of the Drop Down options is: 4]]>
    </system-out>
  </testcase> <!-- VerifyTheDropDown -->
  <testcase classname="SeleniumAllConcepts.SeleniumPractice" name="VerifyTheCheckBoxFunctionality" time="0.140"/>
  <testcase classname="SeleniumAllConcepts.SeleniumPractice" name="VerifySubmitButtonFunctionality" time="0.088"/>
  <testcase classname="SeleniumAllConcepts.SeleniumPractice" name="VerifyFormSubmitMessage" time="0.203">
    <system-out>
      <![CDATA[Message after form submission is: Form submitted]]>
    </system-out>
  </testcase> <!-- VerifyFormSubmitMessage -->
  <system-out>
    <![CDATA[Title of the Page is: Hands-On Selenium WebDriver with Java
URL of the Page is: https://bonigarcia.dev/selenium-webdriver-java/web-form.html
Title of the Page is: Hands-On Selenium WebDriver with Java
Name of the Drop Down is: my-select
Count of the Drop Down options is: 4
Message after form submission is: Form submitted]]>
  </system-out>
</testsuite> <!-- SeleniumAllConcepts.SeleniumPractice -->
