<?xml version="1.0" encoding="UTF-8"?>
<!-- Generated by org.testng.reporters.JUnitReportReporter -->
<testsuite hostname="DESKTOP-N2PRSIL" failures="0" tests="11" name="SeleniumAllConcepts.Spicejetcomprofile" time="8.697" errors="0" timestamp="2025-04-12T10:14:02 IST" skipped="0">
  <testcase classname="SeleniumAllConcepts.Spicejetcomprofile" name="VerifyTheURL" time="0.364">
    <system-out>
      <![CDATA[Current URL of The Application is : https://www.spicejet.com/profile/sign-up/]]>
    </system-out>
  </testcase> <!-- VerifyTheURL -->
  <testcase classname="SeleniumAllConcepts.Spicejetcomprofile" name="TitleofThePage" time="0.029">
    <system-out>
      <![CDATA[Title of The Application is : SpiceJet - Flight Booking for Domestic and International, Cheap Air Tickets]]>
    </system-out>
  </testcase> <!-- TitleofThePage -->
  <testcase classname="SeleniumAllConcepts.Spicejetcomprofile" name="VerifyNumberOfLink" time="0.928">
    <system-out>
      <![CDATA[Number of Link in This Application is : 42
Name of All Link is : 
Name of All Link is : Sign in
Name of All Link is : Terms & Conditions
Name of All Link is : Spice Route Magazine
Name of All Link is : Corporate Overview
Name of All Link is : Fleet
Name of All Link is : Careers
Name of All Link is : Media Center
Name of All Link is : Awards and Applaud
Name of All Link is : Airports
Name of All Link is : International Offices
Name of All Link is : Corporate Head Office
Name of All Link is : Advertise with Us
Name of All Link is : RFP
Name of All Link is : Citizen's Charter
Name of All Link is : FAQ
Name of All Link is : Fitness To Fly Guideline
Name of All Link is : Flight Schedules
Name of All Link is : Terms of Carriage
Name of All Link is : Fees and Charges
Name of All Link is : Know Your Rights
Name of All Link is : Book Any Test From Any Lab
Name of All Link is : Book Any Test From Any Lab in Delhi
Name of All Link is : Corporate Governance
Name of All Link is : Financial Information
Name of All Link is : Notices
Name of All Link is : Corporate Announcements
Name of All Link is : Shareholding Pattern
Name of All Link is : Investor Services
Name of All Link is : Disclosure Regulation 46
Name of All Link is : 
Name of All Link is : 
Name of All Link is : 
Name of All Link is : 
Name of All Link is : 
Name of All Link is : 
Name of All Link is : 
Name of All Link is : Home
Name of All Link is : Privacy Policy
Name of All Link is : Disclaimer
Name of All Link is : GST Information
Name of All Link is : Sitemap]]>
    </system-out>
  </testcase> <!-- VerifyNumberOfLink -->
  <testcase classname="SeleniumAllConcepts.Spicejetcomprofile" name="VerifyNumberOfImage" time="0.014">
    <system-out>
      <![CDATA[Number of Images is : 23]]>
    </system-out>
  </testcase> <!-- VerifyNumberOfImage -->
  <testcase classname="SeleniumAllConcepts.Spicejetcomprofile" name="verifyTheEnrollFunctionality" time="0.524"/>
  <testcase classname="SeleniumAllConcepts.Spicejetcomprofile" name="VerifyThePhoneNumber" time="0.248"/>
  <testcase classname="SeleniumAllConcepts.Spicejetcomprofile" name="VerifyThePasswordFunctionality" time="4.502"/>
  <testcase classname="SeleniumAllConcepts.Spicejetcomprofile" name="VerifyTheConfirmPasswordFunctionality" time="0.298"/>
  <testcase classname="SeleniumAllConcepts.Spicejetcomprofile" name="VerifyTheEmailAddressField" time="0.824"/>
  <testcase classname="SeleniumAllConcepts.Spicejetcomprofile" name="VerifyFunctionalityofEnrollButton" time="0.609"/>
  <testcase classname="SeleniumAllConcepts.Spicejetcomprofile" name="TermAndCondition" time="0.357"/>
  <system-out>
    <![CDATA[Current URL of The Application is : https://www.spicejet.com/profile/sign-up/
Title of The Application is : SpiceJet - Flight Booking for Domestic and International, Cheap Air Tickets
Number of Link in This Application is : 42
Name of All Link is : 
Name of All Link is : Sign in
Name of All Link is : Terms & Conditions
Name of All Link is : Spice Route Magazine
Name of All Link is : Corporate Overview
Name of All Link is : Fleet
Name of All Link is : Careers
Name of All Link is : Media Center
Name of All Link is : Awards and Applaud
Name of All Link is : Airports
Name of All Link is : International Offices
Name of All Link is : Corporate Head Office
Name of All Link is : Advertise with Us
Name of All Link is : RFP
Name of All Link is : Citizen's Charter
Name of All Link is : FAQ
Name of All Link is : Fitness To Fly Guideline
Name of All Link is : Flight Schedules
Name of All Link is : Terms of Carriage
Name of All Link is : Fees and Charges
Name of All Link is : Know Your Rights
Name of All Link is : Book Any Test From Any Lab
Name of All Link is : Book Any Test From Any Lab in Delhi
Name of All Link is : Corporate Governance
Name of All Link is : Financial Information
Name of All Link is : Notices
Name of All Link is : Corporate Announcements
Name of All Link is : Shareholding Pattern
Name of All Link is : Investor Services
Name of All Link is : Disclosure Regulation 46
Name of All Link is : 
Name of All Link is : 
Name of All Link is : 
Name of All Link is : 
Name of All Link is : 
Name of All Link is : 
Name of All Link is : 
Name of All Link is : Home
Name of All Link is : Privacy Policy
Name of All Link is : Disclaimer
Name of All Link is : GST Information
Name of All Link is : Sitemap
Number of Images is : 23]]>
  </system-out>
</testsuite> <!-- SeleniumAllConcepts.Spicejetcomprofile -->
