<?xml version="1.0" encoding="UTF-8"?>
<!-- Generated by org.testng.reporters.JUnitReportReporter -->
<testsuite hostname="DESKTOP-N2PRSIL" failures="0" tests="2" name="SeleniumAllConcepts.TC_002Ealmanac" time="12.398" errors="0" timestamp="2025-03-27T17:33:41 IST" skipped="0">
  <testcase classname="SeleniumAllConcepts.TC_002Ealmanac" name="loginTest" time="1.918"/>
  <testcase classname="SeleniumAllConcepts.TC_002Ealmanac" name="addDepartmentTest" time="10.480"/>
</testsuite> <!-- SeleniumAllConcepts.TC_002Ealmanac -->
